<?xml version="1.0" encoding="UTF-8"?>
<!-- Generated by org.testng.reporters.JUnitReportReporter -->
<testsuite skipped="0" hostname="LAPTOP-R9TK0ON1" name="api_testing.TC01_get" tests="2" failures="0" timestamp="2020-01-04T21:39:03 IST" time="4.377" errors="0">
  <testcase name="getWeatherDetails" time="3.622" classname="api_testing.TC01_get"/>
  <system-out/>
  <testcase name="getVerizon" time="0.755" classname="api_testing.TC01_get"/>
  <system-out/>
</testsuite> <!-- api_testing.TC01_get -->
