<?xml version="1.0" encoding="UTF-8"?>
<!-- Generated by org.testng.reporters.JUnitReportReporter -->
<testsuite skipped="0" hostname="LAPTOP-R9TK0ON1" name="api_testing.TC03_gmap" tests="1" failures="0" timestamp="2020-01-03T23:04:33 IST" time="4.250" errors="0">
  <testcase name="googleMapTest" time="4.250" classname="api_testing.TC03_gmap"/>
  <system-out/>
</testsuite> <!-- api_testing.TC03_gmap -->
