<?xml version="1.0" encoding="UTF-8"?>
<!-- Generated by org.testng.reporters.JUnitReportReporter -->
<testsuite skipped="0" hostname="LAPTOP-R9TK0ON1" name="api_testing.TC05_resbody" tests="1" failures="0" timestamp="2020-01-03T23:48:37 IST" time="2.146" errors="0">
  <testcase name="getWeatherDetails" time="2.146" classname="api_testing.TC05_resbody"/>
  <system-out/>
</testsuite> <!-- api_testing.TC05_resbody -->
