<?xml version="1.0" encoding="UTF-8"?>
<!-- Generated by org.testng.reporters.JUnitReportReporter -->
<testsuite skipped="0" hostname="LAPTOP-R9TK0ON1" name="api_testing.TC03_gmap" tests="1" failures="0" timestamp="2020-01-04T18:12:54 IST" time="0.802" errors="0">
  <testcase name="googleMapTest" time="0.802" classname="api_testing.TC03_gmap"/>
  <system-out/>
</testsuite> <!-- api_testing.TC03_gmap -->
