<?xml version="1.0" encoding="UTF-8"?>
<!-- Generated by org.testng.reporters.JUnitReportReporter -->
<testsuite skipped="0" hostname="LAPTOP-R9TK0ON1" name="api_testing.TC02_post" tests="1" failures="0" timestamp="2020-01-03T22:35:27 IST" time="2.807" errors="0">
  <testcase name="RegistrationSuccessful" time="2.807" classname="api_testing.TC02_post"/>
  <system-out/>
</testsuite> <!-- api_testing.TC02_post -->
