<?xml version="1.0" encoding="UTF-8"?>
<!-- Generated by org.testng.reporters.JUnitReportReporter -->
<testsuite skipped="0" hostname="LAPTOP-R9TK0ON1" name="api_testing.TC04_gmap_headers" tests="1" failures="0" timestamp="2020-01-05T11:57:29 IST" time="0.420" errors="0">
  <testcase name="googleMapTest" time="0.420" classname="api_testing.TC04_gmap_headers"/>
  <system-out/>
</testsuite> <!-- api_testing.TC04_gmap_headers -->
