<?xml version="1.0" encoding="UTF-8"?>
<!-- Generated by org.testng.reporters.JUnitReportReporter -->
<testsuite skipped="0" hostname="LAPTOP-R9TK0ON1" name="api_testing.Crud_operations" tests="1" failures="0" timestamp="2020-01-07T23:57:16 IST" time="2.718" errors="0">
  <testcase name="get_weather" time="2.718" classname="api_testing.Crud_operations"/>
  <system-out/>
</testsuite> <!-- api_testing.Crud_operations -->
