<?xml version="1.0" encoding="UTF-8"?>
<!-- Generated by org.testng.reporters.JUnitReportReporter -->
<testsuite skipped="0" hostname="LAPTOP-R9TK0ON1" name="api_testing.TC05_resbody" tests="1" failures="0" timestamp="2020-01-04T18:12:54 IST" time="1.171" errors="0">
  <testcase name="getWeatherDetails" time="1.171" classname="api_testing.TC05_resbody"/>
  <system-out/>
</testsuite> <!-- api_testing.TC05_resbody -->
