<?xml version="1.0" encoding="UTF-8"?>
<!-- Generated by org.testng.reporters.JUnitReportReporter -->
<testsuite skipped="0" hostname="LAPTOP-R9TK0ON1" name="api_testing.TC01_get" tests="1" failures="0" timestamp="2020-01-03T22:26:09 IST" time="3.072" errors="0">
  <testcase name="getWeatherDetails" time="3.072" classname="api_testing.TC01_get"/>
  <system-out/>
</testsuite> <!-- api_testing.TC01_get -->
