<?xml version="1.0" encoding="UTF-8"?>
<!-- Generated by org.testng.reporters.JUnitReportReporter -->
<testsuite skipped="0" hostname="LAPTOP-R9TK0ON1" name="api_testing.Crud_operations" tests="4" failures="0" timestamp="2020-01-05T17:26:53 IST" time="4.695" errors="0">
  <testcase name="delete_data" time="2.440" classname="api_testing.Crud_operations"/>
  <system-out/>
  <testcase name="put_data" time="0.883" classname="api_testing.Crud_operations"/>
  <system-out/>
  <testcase name="get_weather" time="0.502" classname="api_testing.Crud_operations"/>
  <system-out/>
  <testcase name="post_data" time="0.870" classname="api_testing.Crud_operations"/>
  <system-out/>
</testsuite> <!-- api_testing.Crud_operations -->
